Determining if the pthread_create exist failed with the following output:
Change Dir: /home/mihailus/Mihailus2000/IU8-33/LR1/lab-01-parser/CMakeFiles/CMakeTmp

Run Build Command:"/usr/bin/make" "cmTC_bd81f/fast"
/usr/bin/make -f CMakeFiles/cmTC_bd81f.dir/build.make CMakeFiles/cmTC_bd81f.dir/build
make[1]: вход в каталог «/home/mihailus/Mihailus2000/IU8-33/LR1/lab-01-parser/CMakeFiles/CMakeTmp»
Building C object CMakeFiles/cmTC_bd81f.dir/CheckSymbolExists.c.o
/usr/bin/cc    -o CMakeFiles/cmTC_bd81f.dir/CheckSymbolExists.c.o   -c /home/mihailus/Mihailus2000/IU8-33/LR1/lab-01-parser/CMakeFiles/CMakeTmp/CheckSymbolExists.c
Linking C executable cmTC_bd81f
/usr/bin/cmake -E cmake_link_script CMakeFiles/cmTC_bd81f.dir/link.txt --verbose=1
/usr/bin/cc      CMakeFiles/cmTC_bd81f.dir/CheckSymbolExists.c.o  -o cmTC_bd81f 
/usr/bin/ld: CMakeFiles/cmTC_bd81f.dir/CheckSymbolExists.c.o: в функции «main»:
CheckSymbolExists.c:(.text+0x1b): неопределённая ссылка на «pthread_create»
collect2: error: ld returned 1 exit status
make[1]: *** [CMakeFiles/cmTC_bd81f.dir/build.make:87: cmTC_bd81f] Ошибка 1
make[1]: выход из каталога «/home/mihailus/Mihailus2000/IU8-33/LR1/lab-01-parser/CMakeFiles/CMakeTmp»
make: *** [Makefile:121: cmTC_bd81f/fast] Ошибка 2

File /home/mihailus/Mihailus2000/IU8-33/LR1/lab-01-parser/CMakeFiles/CMakeTmp/CheckSymbolExists.c:
/* */
#include <pthread.h>

int main(int argc, char** argv)
{
  (void)argv;
#ifndef pthread_create
  return ((int*)(&pthread_create))[argc];
#else
  (void)argc;
  return 0;
#endif
}

